<?xml version="1.0" encoding="UTF-8"?>
<testng-results ignored="0" total="1" passed="1" failed="0" skipped="0">
  <reporter-output>
  </reporter-output>
  <suite started-at="2022-12-15T20:17:17 IST" name="Default suite" finished-at="2022-12-15T20:17:45 IST" duration-ms="28012">
    <groups>
    </groups>
    <test started-at="2022-12-15T20:17:17 IST" name="Default test" finished-at="2022-12-15T20:17:45 IST" duration-ms="28012">
      <class name="com.selenium.test.LoginTest">
        <test-method is-config="true" signature="beforeMethod()[pri:0, instance:com.selenium.test.LoginTest@7db12bb6]" started-at="2022-12-15T20:17:17 IST" name="beforeMethod" finished-at="2022-12-15T20:17:19 IST" duration-ms="2043" status="PASS">
          <reporter-output>
          </reporter-output>
        </test-method> <!-- beforeMethod -->
        <test-method signature="f()[pri:0, instance:com.selenium.test.LoginTest@7db12bb6]" started-at="2022-12-15T20:17:19 IST" name="f" finished-at="2022-12-15T20:17:44 IST" duration-ms="24740" status="PASS">
          <reporter-output>
          </reporter-output>
        </test-method> <!-- f -->
        <test-method is-config="true" signature="tearDown()[pri:0, instance:com.selenium.test.LoginTest@7db12bb6]" started-at="2022-12-15T20:17:44 IST" name="tearDown" finished-at="2022-12-15T20:17:45 IST" duration-ms="1204" status="PASS">
          <reporter-output>
          </reporter-output>
        </test-method> <!-- tearDown -->
      </class> <!-- com.selenium.test.LoginTest -->
    </test> <!-- Default test -->
  </suite> <!-- Default suite -->
</testng-results>
